<?xml version="1.0" encoding="UTF-8"?>
<!-- Generated by org.testng.reporters.JUnitReportReporter -->
<testsuite hostname="DESKTOP-DRRO17G" name="framework_testng.BeforeTest_and_AfterTest.TestSuite1" tests="6" failures="0" timestamp="22 Jul 2019 14:05:37 GMT" time="0.049" errors="0">
  <testcase name="tc003" time="0.006" classname="framework_testng.BeforeTest_and_AfterTest.TestSuite1"/>
  <testcase name="tc001" time="0.003" classname="framework_testng.BeforeTest_and_AfterTest.TestSuite1"/>
  <testcase name="tc002" time="0.006" classname="framework_testng.BeforeTest_and_AfterTest.TestSuite1"/>
  <testcase name="tc001" time="0.017" classname="framework_testng.BeforeTest_and_AfterTest.TestSuite1"/>
  <testcase name="tc002" time="0.005" classname="framework_testng.BeforeTest_and_AfterTest.TestSuite1"/>
  <testcase name="tc003" time="0.012" classname="framework_testng.BeforeTest_and_AfterTest.TestSuite1"/>
</testsuite> <!-- framework_testng.BeforeTest_and_AfterTest.TestSuite1 -->
