<?xml version="1.0" encoding="UTF-8"?>
<!-- Generated by org.testng.reporters.JUnitReportReporter -->
<testsuite hostname="DESKTOP-DRRO17G" name="framework_testng.Invocation_Count" tests="12" failures="0" timestamp="19 Jul 2019 14:14:40 GMT" time="3.494" errors="0">
  <testcase name="test1" time="0.222" classname="framework_testng.Invocation_Count"/>
  <testcase name="test1" time="0.320" classname="framework_testng.Invocation_Count"/>
  <testcase name="test1" time="0.265" classname="framework_testng.Invocation_Count"/>
  <testcase name="test1" time="0.294" classname="framework_testng.Invocation_Count"/>
  <testcase name="test1" time="0.255" classname="framework_testng.Invocation_Count"/>
  <testcase name="test1" time="0.294" classname="framework_testng.Invocation_Count"/>
  <testcase name="test1" time="0.227" classname="framework_testng.Invocation_Count"/>
  <testcase name="test1" time="0.219" classname="framework_testng.Invocation_Count"/>
  <testcase name="test1" time="0.486" classname="framework_testng.Invocation_Count"/>
  <testcase name="test1" time="0.239" classname="framework_testng.Invocation_Count"/>
  <testcase name="test1" time="0.279" classname="framework_testng.Invocation_Count"/>
  <testcase name="test1" time="0.394" classname="framework_testng.Invocation_Count"/>
</testsuite> <!-- framework_testng.Invocation_Count -->
