<?xml version="1.0" encoding="UTF-8"?>
<!-- Generated by org.testng.reporters.JUnitReportReporter -->
<testsuite hostname="DESKTOP-DRRO17G" name="framework_testng.Method_Ignore" tests="2" failures="0" timestamp="19 Jul 2019 13:34:24 GMT" time="0.046" errors="0">
  <testcase name="tc003" time="0.011" classname="framework_testng.Method_Ignore"/>
  <testcase name="tc001" time="0.035" classname="framework_testng.Method_Ignore"/>
</testsuite> <!-- framework_testng.Method_Ignore -->
