<?xml version="1.0" encoding="UTF-8"?>
<!-- Generated by org.testng.reporters.JUnitReportReporter -->
<testsuite hostname="DESKTOP-DRRO17G" name="framework_testng.Groups.TestSuite1" tests="3" failures="0" timestamp="22 Jul 2019 13:49:00 GMT" time="0.032" errors="0">
  <testcase name="tc002" time="0.008" classname="framework_testng.Groups.TestSuite1"/>
  <testcase name="tc003" time="0.002" classname="framework_testng.Groups.TestSuite1"/>
  <testcase name="tc001" time="0.022" classname="framework_testng.Groups.TestSuite1"/>
</testsuite> <!-- framework_testng.Groups.TestSuite1 -->
