<?xml version="1.0" encoding="UTF-8"?>
<!-- Generated by org.testng.reporters.JUnitReportReporter -->
<testsuite hostname="DESKTOP-DRRO17G" name="framework_testng.BeforeClass_And_AfterClass" tests="3" failures="0" timestamp="18 Jul 2019 14:08:14 GMT" time="0.035" errors="0">
  <testcase name="tc002" time="0.003" classname="framework_testng.BeforeClass_And_AfterClass"/>
  <testcase name="tc003" time="0.020" classname="framework_testng.BeforeClass_And_AfterClass"/>
  <testcase name="tc001" time="0.012" classname="framework_testng.BeforeClass_And_AfterClass"/>
</testsuite> <!-- framework_testng.BeforeClass_And_AfterClass -->
