<?xml version="1.0" encoding="UTF-8"?>
<!-- Generated by org.testng.reporters.JUnitReportReporter -->
<testsuite hostname="DESKTOP-DRRO17G" name="framework_testng.Method_Prioritize" tests="3" failures="0" timestamp="19 Jul 2019 13:31:12 GMT" time="0.044" errors="0">
  <testcase name="x" time="0.010" classname="framework_testng.Method_Prioritize"/>
  <testcase name="f" time="0.026" classname="framework_testng.Method_Prioritize"/>
  <testcase name="a" time="0.008" classname="framework_testng.Method_Prioritize"/>
</testsuite> <!-- framework_testng.Method_Prioritize -->
