<?xml version="1.0" encoding="UTF-8"?>
<!-- Generated by org.testng.reporters.JUnitReportReporter -->
<testsuite hostname="DESKTOP-DRRO17G" name="framework_testng.TestNg_WithExtentReports" tests="2" failures="0" timestamp="19 Jul 2019 14:07:01 GMT" time="2.814" errors="0">
  <testcase name="tc001_VerifyHomepage" time="0.053" classname="framework_testng.TestNg_WithExtentReports"/>
  <testcase name="tc002_Verify_Downloadpage" time="2.761" classname="framework_testng.TestNg_WithExtentReports"/>
</testsuite> <!-- framework_testng.TestNg_WithExtentReports -->
