<?xml version="1.0" encoding="UTF-8"?>
<!-- Generated by org.testng.reporters.JUnitReportReporter -->
<testsuite hostname="DESKTOP-DRRO17G" name="framework_testng.Groups.TestSuite3" tests="2" failures="0" timestamp="22 Jul 2019 13:49:00 GMT" time="0.009" errors="0">
  <testcase name="tc007" time="0.003" classname="framework_testng.Groups.TestSuite3"/>
  <testcase name="tc008" time="0.006" classname="framework_testng.Groups.TestSuite3"/>
</testsuite> <!-- framework_testng.Groups.TestSuite3 -->
