<?xml version="1.0" encoding="UTF-8"?>
<!-- Generated by org.testng.reporters.JUnitReportReporter -->
<testsuite hostname="DESKTOP-DRRO17G" name="framework_testng.Groups.TestSuite2" tests="3" failures="0" timestamp="22 Jul 2019 13:49:00 GMT" time="0.008" errors="0">
  <testcase name="tc006" time="0.002" classname="framework_testng.Groups.TestSuite2"/>
  <testcase name="tc004" time="0.003" classname="framework_testng.Groups.TestSuite2"/>
  <testcase name="tc005" time="0.003" classname="framework_testng.Groups.TestSuite2"/>
</testsuite> <!-- framework_testng.Groups.TestSuite2 -->
