<?xml version="1.0" encoding="UTF-8"?>
<!-- Generated by org.testng.reporters.JUnitReportReporter -->
<testsuite hostname="DESKTOP-DRRO17G" name="framework_testng.Suite_Parameter.Get_Parameters_From_Suite" tests="4" failures="0" timestamp="22 Jul 2019 14:20:15 GMT" time="36.965" errors="0">
  <testcase name="launch_browser" time="24.436" classname="framework_testng.Suite_Parameter.Get_Parameters_From_Suite"/>
  <testcase name="loadWebpage" time="11.306" classname="framework_testng.Suite_Parameter.Get_Parameters_From_Suite"/>
  <testcase name="User_login" time="0.836" classname="framework_testng.Suite_Parameter.Get_Parameters_From_Suite"/>
  <testcase name="User_registration" time="0.387" classname="framework_testng.Suite_Parameter.Get_Parameters_From_Suite"/>
</testsuite> <!-- framework_testng.Suite_Parameter.Get_Parameters_From_Suite -->
