<?xml version="1.0" encoding="UTF-8"?>
<!-- Generated by org.testng.reporters.JUnitReportReporter -->
<testsuite hostname="DESKTOP-DRRO17G" name="framework_testng.TestSuite.Class3" tests="3" failures="0" timestamp="22 Jul 2019 13:34:10 GMT" time="0.014" errors="0">
  <testcase name="tc008" time="0.002" classname="framework_testng.TestSuite.Class3"/>
  <testcase name="tc009" time="0.006" classname="framework_testng.TestSuite.Class3"/>
  <testcase name="tc007" time="0.006" classname="framework_testng.TestSuite.Class3"/>
</testsuite> <!-- framework_testng.TestSuite.Class3 -->
