<?xml version="1.0" encoding="UTF-8"?>
<!-- Generated by org.testng.reporters.JUnitReportReporter -->
<testsuite hostname="DESKTOP-DRRO17G" name="framework_testng.DP.DP_InputData" tests="4" failures="0" timestamp="24 Jul 2019 14:06:57 GMT" time="0.161" errors="0">
  <testcase name="get_user_info" time="0.084" classname="framework_testng.DP.DP_InputData"/>
  <testcase name="get_user_info" time="0.047" classname="framework_testng.DP.DP_InputData"/>
  <testcase name="get_user_info" time="0.025" classname="framework_testng.DP.DP_InputData"/>
  <testcase name="get_user_info" time="0.005" classname="framework_testng.DP.DP_InputData"/>
</testsuite> <!-- framework_testng.DP.DP_InputData -->
