<?xml version="1.0" encoding="UTF-8"?>
<!-- Generated by org.testng.reporters.JUnitReportReporter -->
<testsuite hostname="DESKTOP-DRRO17G" name="framework_testng.BeforeMethod_And_AfterMethod" tests="3" failures="0" timestamp="18 Jul 2019 14:11:36 GMT" time="0.098" errors="0">
  <testcase name="tc002" time="0.041" classname="framework_testng.BeforeMethod_And_AfterMethod"/>
  <testcase name="tc001" time="0.029" classname="framework_testng.BeforeMethod_And_AfterMethod"/>
  <testcase name="tc003" time="0.028" classname="framework_testng.BeforeMethod_And_AfterMethod"/>
</testsuite> <!-- framework_testng.BeforeMethod_And_AfterMethod -->
