<?xml version="1.0" encoding="UTF-8"?>
<!-- Generated by org.testng.reporters.JUnitReportReporter -->
<testsuite hostname="DESKTOP-DRRO17G" name="framework_testng.DP.Get_DP_Data_From_Diff_Class" tests="4" failures="0" timestamp="24 Jul 2019 14:11:46 GMT" time="0.031" errors="0">
  <testcase name="get_info" time="0.002" classname="framework_testng.DP.Get_DP_Data_From_Diff_Class"/>
  <testcase name="get_info" time="0.015" classname="framework_testng.DP.Get_DP_Data_From_Diff_Class"/>
  <testcase name="get_info" time="0.005" classname="framework_testng.DP.Get_DP_Data_From_Diff_Class"/>
  <testcase name="get_info" time="0.009" classname="framework_testng.DP.Get_DP_Data_From_Diff_Class"/>
</testsuite> <!-- framework_testng.DP.Get_DP_Data_From_Diff_Class -->
