<?xml version="1.0" encoding="UTF-8"?>
<!-- Generated by org.testng.reporters.JUnitReportReporter -->
<testsuite hostname="DESKTOP-DRRO17G" name="framework_testng.My_Testng_Test" tests="3" failures="0" timestamp="18 Jul 2019 14:00:56 GMT" time="0.051" errors="0">
  <testcase name="tc002" time="0.020" classname="framework_testng.My_Testng_Test"/>
  <testcase name="tc003" time="0.003" classname="framework_testng.My_Testng_Test"/>
  <testcase name="tc001" time="0.028" classname="framework_testng.My_Testng_Test"/>
</testsuite> <!-- framework_testng.My_Testng_Test -->
