<?xml version="1.0" encoding="UTF-8"?>
<!-- Generated by org.testng.reporters.JUnitReportReporter -->
<testsuite hostname="DESKTOP-DRRO17G" name="framework_testng.Method_Description" tests="3" failures="0" timestamp="19 Jul 2019 13:38:57 GMT" time="0.058" errors="0">
  <testcase name="tc001" time="0.016" classname="framework_testng.Method_Description"/>
  <testcase name="tc002" time="0.003" classname="framework_testng.Method_Description"/>
  <testcase name="Verify_login_WithOut_Data" time="0.039" classname="framework_testng.Method_Description"/>
</testsuite> <!-- framework_testng.Method_Description -->
