<?xml version="1.0" encoding="UTF-8"?>
<!-- Generated by org.testng.reporters.JUnitReportReporter -->
<testsuite hostname="DESKTOP-DRRO17G" name="framework_testng.TestSuite.Class2" tests="2" failures="0" timestamp="22 Jul 2019 13:38:28 GMT" time="0.020" errors="0">
  <testcase name="tc006" time="0.003" classname="framework_testng.TestSuite.Class2"/>
  <testcase name="tc005" time="0.017" classname="framework_testng.TestSuite.Class2"/>
</testsuite> <!-- framework_testng.TestSuite.Class2 -->
